08/07/2023 16:50:10 
08/07/2023 16:50:10 
08/07/2023 16:50:10 -----------------------------
08/07/2023 16:50:10 --------IFXDATE_INICIA-------
08/07/2023 16:50:10 Configuracao das variaveis de ambiente usadas pelos sistemas CyberFinancial concluida.
08/07/2023 16:50:10 Referencia (DIA) : 22
08/07/2023 16:50:10 Referencia (MES) : 06
08/07/2023 16:50:10 Referencia (ANO) : 2023
08/07/2023 16:50:10 Referencia (DATA): 20230622
08/07/2023 16:50:10 USR_HOME         : /app/rcvry
08/07/2023 16:50:10 CCS_BIN          : 
08/07/2023 16:50:10 ORACLE_HOME      : /u01/app/oracle/product/client12.2
08/07/2023 16:50:10 ORACLE_SID       : CYB3DEV
08/07/2023 16:50:10 NLS_LANG         : SPANISH_MEXICO.WE8ISO8859P1
08/07/2023 16:50:10 NLS_DATE_FORMAT  : dd-mon-yyyy hh24:mi:ss
08/07/2023 16:50:10 INICIO DO PROCESSAMENTO INICIA IFXDATE
08/07/2023 16:50:10 ERRO (cy3_shell_ifxdate_inicia.ksh)
08/07/2023 16:50:10 Falha no procedimento SQL de inicializacao do ifxdate !
10/07/2023 19:14:52 
10/07/2023 19:14:52 
10/07/2023 19:14:52 -----------------------------
10/07/2023 19:14:52 --------IFXDATE_INICIA-------
10/07/2023 19:14:52 Configuracao das variaveis de ambiente usadas pelos sistemas CyberFinancial concluida.
10/07/2023 19:14:52 Referencia (DIA) : 22
10/07/2023 19:14:52 Referencia (MES) : 06
10/07/2023 19:14:52 Referencia (ANO) : 2023
10/07/2023 19:14:52 Referencia (DATA): 20230622
10/07/2023 19:14:52 USR_HOME         : /app/rcvry
10/07/2023 19:14:52 CCS_BIN          : 
10/07/2023 19:14:52 ORACLE_HOME      : /u01/app/oracle/product/client12.2
10/07/2023 19:14:52 ORACLE_SID       : CYB3DEV
10/07/2023 19:14:52 NLS_LANG         : SPANISH_MEXICO.WE8ISO8859P1
10/07/2023 19:14:52 NLS_DATE_FORMAT  : dd-mon-yyyy hh24:mi:ss
10/07/2023 19:14:52 INICIO DO PROCESSAMENTO INICIA IFXDATE
10/07/2023 19:14:52 ERRO (cy3_shell_ifxdate_inicia.ksh)
10/07/2023 19:14:52 Falha no procedimento SQL de inicializacao do ifxdate !
10/07/2023 19:20:39 
10/07/2023 19:20:39 
10/07/2023 19:20:39 -----------------------------
10/07/2023 19:20:39 --------IFXDATE_INICIA-------
10/07/2023 19:20:39 Configuracao das variaveis de ambiente usadas pelos sistemas CyberFinancial concluida.
10/07/2023 19:20:39 Referencia (DIA) : 22
10/07/2023 19:20:39 Referencia (MES) : 06
10/07/2023 19:20:39 Referencia (ANO) : 2023
10/07/2023 19:20:39 Referencia (DATA): 20230622
10/07/2023 19:20:39 USR_HOME         : /app/rcvry
10/07/2023 19:20:39 CCS_BIN          : 
10/07/2023 19:20:39 ORACLE_HOME      : /u01/app/oracle/product/client12.2
10/07/2023 19:20:39 ORACLE_SID       : CYB3DEV
10/07/2023 19:20:39 NLS_LANG         : SPANISH_MEXICO.WE8ISO8859P1
10/07/2023 19:20:39 NLS_DATE_FORMAT  : dd-mon-yyyy hh24:mi:ss
10/07/2023 19:20:39 INICIO DO PROCESSAMENTO INICIA IFXDATE
10/07/2023 19:20:39 ERRO (cy3_shell_ifxdate_inicia.ksh)
10/07/2023 19:20:39 Falha no procedimento SQL de inicializacao do ifxdate !
10/07/2023 19:24:53 
10/07/2023 19:24:53 
10/07/2023 19:24:53 -----------------------------
10/07/2023 19:24:53 --------IFXDATE_INICIA-------
10/07/2023 19:24:53 Configuracao das variaveis de ambiente usadas pelos sistemas CyberFinancial concluida.
10/07/2023 19:24:53 Referencia (DIA) : 22
10/07/2023 19:24:53 Referencia (MES) : 06
10/07/2023 19:24:53 Referencia (ANO) : 2023
10/07/2023 19:24:53 Referencia (DATA): 20230622
10/07/2023 19:24:53 USR_HOME         : /app/rcvry
10/07/2023 19:24:53 CCS_BIN          : 
10/07/2023 19:24:53 ORACLE_HOME      : /u01/app/oracle/product/client12.2
10/07/2023 19:24:53 ORACLE_SID       : CYB3DEV
10/07/2023 19:24:53 NLS_LANG         : SPANISH_MEXICO.WE8ISO8859P1
10/07/2023 19:24:53 NLS_DATE_FORMAT  : dd-mon-yyyy hh24:mi:ss
10/07/2023 19:24:53 INICIO DO PROCESSAMENTO INICIA IFXDATE
10/07/2023 19:24:53 ERRO (cy3_shell_ifxdate_inicia.ksh)
10/07/2023 19:24:53 Falha no procedimento SQL de inicializacao do ifxdate !
10/07/2023 19:32:43 
10/07/2023 19:32:43 
10/07/2023 19:32:43 -----------------------------
10/07/2023 19:32:43 --------IFXDATE_INICIA-------
10/07/2023 19:32:43 Configuracao das variaveis de ambiente usadas pelos sistemas CyberFinancial concluida.
10/07/2023 19:32:43 Referencia (DIA) : 22
10/07/2023 19:32:43 Referencia (MES) : 06
10/07/2023 19:32:43 Referencia (ANO) : 2023
10/07/2023 19:32:43 Referencia (DATA): 20230622
10/07/2023 19:32:43 USR_HOME         : /app/rcvry
10/07/2023 19:32:43 CCS_BIN          : 
10/07/2023 19:32:43 ORACLE_HOME      : /u01/app/oracle/product/client12.2
10/07/2023 19:32:43 ORACLE_SID       : CYB3DEV
10/07/2023 19:32:43 NLS_LANG         : SPANISH_MEXICO.WE8ISO8859P1
10/07/2023 19:32:43 NLS_DATE_FORMAT  : dd-mon-yyyy hh24:mi:ss
10/07/2023 19:32:43 INICIO DO PROCESSAMENTO INICIA IFXDATE
10/07/2023 19:32:44 ERRO (cy3_shell_ifxdate_inicia.ksh)
10/07/2023 19:32:44 Falha no procedimento SQL de inicializacao do ifxdate !
11/07/2023 09:43:49 
11/07/2023 09:43:49 
11/07/2023 09:43:49 -----------------------------
11/07/2023 09:43:49 --------IFXDATE_INICIA-------
11/07/2023 09:43:49 Configuracao das variaveis de ambiente usadas pelos sistemas CyberFinancial concluida.
11/07/2023 09:43:49 Referencia (DIA) : 22
11/07/2023 09:43:49 Referencia (MES) : 06
11/07/2023 09:43:49 Referencia (ANO) : 2023
11/07/2023 09:43:49 Referencia (DATA): 20230622
11/07/2023 09:43:49 USR_HOME         : /app/rcvry
11/07/2023 09:43:49 CCS_BIN          : 
11/07/2023 09:43:49 ORACLE_HOME      : /u01/app/oracle/product/client12.2
11/07/2023 09:43:49 ORACLE_SID       : CYB3DEV
11/07/2023 09:43:49 NLS_LANG         : SPANISH_MEXICO.WE8ISO8859P1
11/07/2023 09:43:49 NLS_DATE_FORMAT  : dd-mon-yyyy hh24:mi:ss
11/07/2023 09:43:49 INICIO DO PROCESSAMENTO INICIA IFXDATE
11/07/2023 09:43:49 ERRO (cy3_shell_ifxdate_inicia.ksh)
11/07/2023 09:43:49 Falha no procedimento SQL de inicializacao do ifxdate !
11/07/2023 10:09:13 
11/07/2023 10:09:13 
11/07/2023 10:09:13 -----------------------------
11/07/2023 10:09:13 --------IFXDATE_INICIA-------
11/07/2023 10:09:13 Configuracao das variaveis de ambiente usadas pelos sistemas CyberFinancial concluida.
11/07/2023 10:09:13 Referencia (DIA) : 22
11/07/2023 10:09:13 Referencia (MES) : 06
11/07/2023 10:09:13 Referencia (ANO) : 2023
11/07/2023 10:09:13 Referencia (DATA): 20230622
11/07/2023 10:09:13 USR_HOME         : /app/rcvry
11/07/2023 10:09:13 CCS_BIN          : 
11/07/2023 10:09:13 ORACLE_HOME      : /u01/app/oracle/product/client12.2
11/07/2023 10:09:13 ORACLE_SID       : CYB3DEV
11/07/2023 10:09:13 NLS_LANG         : SPANISH_MEXICO.WE8ISO8859P1
11/07/2023 10:09:13 NLS_DATE_FORMAT  : dd-mon-yyyy hh24:mi:ss
11/07/2023 10:09:13 INICIO DO PROCESSAMENTO INICIA IFXDATE
11/07/2023 10:09:14 ERRO (cy3_shell_ifxdate_inicia.ksh)
11/07/2023 10:09:14 Falha no procedimento SQL de inicializacao do ifxdate !
11/07/2023 10:37:54 
11/07/2023 10:37:54 
11/07/2023 10:37:54 -----------------------------
11/07/2023 10:37:54 --------IFXDATE_INICIA-------
11/07/2023 10:37:54 Configuracao das variaveis de ambiente usadas pelos sistemas CyberFinancial concluida.
11/07/2023 10:37:54 Referencia (DIA) : 22
11/07/2023 10:37:54 Referencia (MES) : 06
11/07/2023 10:37:54 Referencia (ANO) : 2023
11/07/2023 10:37:54 Referencia (DATA): 20230622
11/07/2023 10:37:54 USR_HOME         : /app/rcvry
11/07/2023 10:37:54 CCS_BIN          : 
11/07/2023 10:37:54 ORACLE_HOME      : /u01/app/oracle/product/client12.2
11/07/2023 10:37:54 ORACLE_SID       : CYB3DEV
11/07/2023 10:37:54 NLS_LANG         : SPANISH_MEXICO.WE8ISO8859P1
11/07/2023 10:37:54 NLS_DATE_FORMAT  : dd-mon-yyyy hh24:mi:ss
11/07/2023 10:37:54 INICIO DO PROCESSAMENTO INICIA IFXDATE
11/07/2023 10:37:54 ERRO (cy3_shell_ifxdate_inicia.ksh)
11/07/2023 10:37:54 Falha no procedimento SQL de inicializacao do ifxdate !
11/07/2023 10:44:30 
11/07/2023 10:44:30 
11/07/2023 10:44:30 -----------------------------
11/07/2023 10:44:30 --------IFXDATE_INICIA-------
11/07/2023 10:44:30 Configuracao das variaveis de ambiente usadas pelos sistemas CyberFinancial concluida.
11/07/2023 10:44:30 Referencia (DIA) : 22
11/07/2023 10:44:30 Referencia (MES) : 06
11/07/2023 10:44:30 Referencia (ANO) : 2023
11/07/2023 10:44:30 Referencia (DATA): 20230622
11/07/2023 10:44:30 USR_HOME         : /app/rcvry
11/07/2023 10:44:30 CCS_BIN          : 
11/07/2023 10:44:30 ORACLE_HOME      : /u01/app/oracle/product/client12.2
11/07/2023 10:44:30 ORACLE_SID       : CYB3DEV
11/07/2023 10:44:30 NLS_LANG         : SPANISH_MEXICO.WE8ISO8859P1
11/07/2023 10:44:30 NLS_DATE_FORMAT  : dd-mon-yyyy hh24:mi:ss
11/07/2023 10:44:30 INICIO DO PROCESSAMENTO INICIA IFXDATE
11/07/2023 10:44:30 ERRO (cy3_shell_ifxdate_inicia.ksh)
11/07/2023 10:44:30 Falha no procedimento SQL de inicializacao do ifxdate !
11/07/2023 10:48:15 
11/07/2023 10:48:15 
11/07/2023 10:48:15 -----------------------------
11/07/2023 10:48:15 --------IFXDATE_INICIA-------
11/07/2023 10:48:15 Configuracao das variaveis de ambiente usadas pelos sistemas CyberFinancial concluida.
11/07/2023 10:48:15 Referencia (DIA) : 22
11/07/2023 10:48:15 Referencia (MES) : 06
11/07/2023 10:48:15 Referencia (ANO) : 2023
11/07/2023 10:48:15 Referencia (DATA): 20230622
11/07/2023 10:48:15 USR_HOME         : /app/rcvry
11/07/2023 10:48:15 CCS_BIN          : 
11/07/2023 10:48:15 ORACLE_HOME      : /u01/app/oracle/product/client12.2
11/07/2023 10:48:15 ORACLE_SID       : CYB3DEV
11/07/2023 10:48:15 NLS_LANG         : SPANISH_MEXICO.WE8ISO8859P1
11/07/2023 10:48:15 NLS_DATE_FORMAT  : dd-mon-yyyy hh24:mi:ss
11/07/2023 10:48:15 INICIO DO PROCESSAMENTO INICIA IFXDATE
11/07/2023 10:48:16 ERRO (cy3_shell_ifxdate_inicia.ksh)
11/07/2023 10:48:16 Falha no procedimento SQL de inicializacao do ifxdate !
11/07/2023 10:54:39 
11/07/2023 10:54:39 
11/07/2023 10:54:39 -----------------------------
11/07/2023 10:54:39 --------IFXDATE_INICIA-------
11/07/2023 10:54:39 Configuracao das variaveis de ambiente usadas pelos sistemas CyberFinancial concluida.
11/07/2023 10:54:39 Referencia (DIA) : 22
11/07/2023 10:54:39 Referencia (MES) : 06
11/07/2023 10:54:39 Referencia (ANO) : 2023
11/07/2023 10:54:39 Referencia (DATA): 20230622
11/07/2023 10:54:39 USR_HOME         : /app/rcvry
11/07/2023 10:54:39 CCS_BIN          : 
11/07/2023 10:54:39 ORACLE_HOME      : /u01/app/oracle/product/client12.2
11/07/2023 10:54:39 ORACLE_SID       : CYB3DEV
11/07/2023 10:54:39 NLS_LANG         : SPANISH_MEXICO.WE8ISO8859P1
11/07/2023 10:54:39 NLS_DATE_FORMAT  : dd-mon-yyyy hh24:mi:ss
11/07/2023 10:54:39 INICIO DO PROCESSAMENTO INICIA IFXDATE
11/07/2023 10:54:39 ERRO (cy3_shell_ifxdate_inicia.ksh)
11/07/2023 10:54:39 Falha no procedimento SQL de inicializacao do ifxdate !
21/07/2023 16:35:40 
21/07/2023 16:35:40 
21/07/2023 16:35:40 -----------------------------
21/07/2023 16:35:40 --------IFXDATE_INICIA-------
21/07/2023 16:35:40 Configuracao das variaveis de ambiente usadas pelos sistemas CyberFinancial concluida.
21/07/2023 16:35:40 Referencia (DIA) : 22
21/07/2023 16:35:40 Referencia (MES) : 06
21/07/2023 16:35:40 Referencia (ANO) : 2023
21/07/2023 16:35:40 Referencia (DATA): 20230622
21/07/2023 16:35:40 USR_HOME         : /app/rcvry
21/07/2023 16:35:40 CCS_BIN          : 
21/07/2023 16:35:40 ORACLE_HOME      : /u01/app/oracle/product/client12.2
21/07/2023 16:35:40 ORACLE_SID       : CYB3DEV
21/07/2023 16:35:40 NLS_LANG         : SPANISH_MEXICO.WE8ISO8859P1
21/07/2023 16:35:40 NLS_DATE_FORMAT  : dd-mon-yyyy hh24:mi:ss
21/07/2023 16:35:40 INICIO DO PROCESSAMENTO INICIA IFXDATE
21/07/2023 16:35:41 ERRO (cy3_shell_ifxdate_inicia.ksh)
21/07/2023 16:35:41 Falha no procedimento SQL de inicializacao do ifxdate !
24/07/2023 12:09:59 
24/07/2023 12:09:59 
24/07/2023 12:09:59 -----------------------------
24/07/2023 12:09:59 --------IFXDATE_INICIA-------
24/07/2023 12:09:59 Configuracao das variaveis de ambiente usadas pelos sistemas CyberFinancial concluida.
24/07/2023 12:09:59 Referencia (DIA) : 22
24/07/2023 12:09:59 Referencia (MES) : 06
24/07/2023 12:09:59 Referencia (ANO) : 2023
24/07/2023 12:09:59 Referencia (DATA): 20230622
24/07/2023 12:09:59 USR_HOME         : /app/rcvry
24/07/2023 12:09:59 CCS_BIN          : 
24/07/2023 12:09:59 ORACLE_HOME      : /u01/app/oracle/product/client12.2
24/07/2023 12:09:59 ORACLE_SID       : CYB3DEV
24/07/2023 12:09:59 NLS_LANG         : SPANISH_MEXICO.WE8ISO8859P1
24/07/2023 12:09:59 NLS_DATE_FORMAT  : dd-mon-yyyy hh24:mi:ss
24/07/2023 12:09:59 INICIO DO PROCESSAMENTO INICIA IFXDATE
24/07/2023 12:09:59 ERRO (cy3_shell_ifxdate_inicia.ksh)
24/07/2023 12:09:59 Falha no procedimento SQL de inicializacao do ifxdate !
25/07/2023 16:58:06 
25/07/2023 16:58:06 
25/07/2023 16:58:06 -----------------------------
25/07/2023 16:58:06 --------IFXDATE_INICIA-------
25/07/2023 16:58:06 Configuracao das variaveis de ambiente usadas pelos sistemas CyberFinancial concluida.
25/07/2023 16:58:06 Referencia (DIA) : 22
25/07/2023 16:58:06 Referencia (MES) : 06
25/07/2023 16:58:06 Referencia (ANO) : 2023
25/07/2023 16:58:06 Referencia (DATA): 20230622
25/07/2023 16:58:06 USR_HOME         : /app/rcvry
25/07/2023 16:58:06 CCS_BIN          : 
25/07/2023 16:58:06 ORACLE_HOME      : /u01/app/oracle/product/client12.2
25/07/2023 16:58:06 ORACLE_SID       : CYB3DEV
25/07/2023 16:58:06 NLS_LANG         : SPANISH_MEXICO.WE8ISO8859P1
25/07/2023 16:58:06 NLS_DATE_FORMAT  : dd-mon-yyyy hh24:mi:ss
25/07/2023 16:58:06 INICIO DO PROCESSAMENTO INICIA IFXDATE
SQL> 
SQL> CREATE OR REPLACE FUNCTION ifxdate RETURN DATE IS
  2  	temp   DATE;
  3  BEGIN
  4  	SELECT TRUNC (NVL (to_date('20230622','yyyymmdd'), (SYSDATE - (1 / 3))))
  5    	into temp
  6      from dual;
  7     	RETURN (temp);
  8  EXCEPTION
  9  	WHEN OTHERS
 10    then
 11    return (TRUNC (SYSDATE - (1 / 3)));
 12  END;
 13  /

Función creada.

SQL> 
SQL> grant all on ifxdate to public;

Concesión terminada correctamente.

SQL> 
SQL> select ifxdate from dual;

IFXDATE                                                                         
--------------------                                                            
22-jun-2023 00:00:00                                                            

SQL> 
SQL> -- Limpa tabela de lock de registro
SQL> -- --------------------------------
SQL> TRUNCATE TABLE RCVRY.LOCKTABLE;

Tabla truncada.

SQL> 
SQL> quit
25/07/2023 16:58:06 Fim normal de processamento.
25/07/2023 16:58:06 ----------------------------
25/07/2023 16:58:06 
25/07/2023 16:58:06 
14/08/2023 16:40:56 
14/08/2023 16:40:56 
14/08/2023 16:40:56 -----------------------------
14/08/2023 16:40:56 --------IFXDATE_INICIA-------
14/08/2023 16:40:56 Configuracao das variaveis de ambiente usadas pelos sistemas CyberFinancial concluida.
14/08/2023 16:40:56 Referencia (DIA) : 22
14/08/2023 16:40:56 Referencia (MES) : 06
14/08/2023 16:40:56 Referencia (ANO) : 2023
14/08/2023 16:40:56 Referencia (DATA): 20230622
14/08/2023 16:40:56 USR_HOME         : /app/rcvry
14/08/2023 16:40:56 CCS_BIN          : 
14/08/2023 16:40:56 ORACLE_HOME      : /u01/app/oracle/product/client12.2
14/08/2023 16:40:56 ORACLE_SID       : CYB3DEV
14/08/2023 16:40:56 NLS_LANG         : SPANISH_MEXICO.WE8ISO8859P1
14/08/2023 16:40:56 NLS_DATE_FORMAT  : dd-mon-yyyy hh24:mi:ss
14/08/2023 16:40:56 INICIO DO PROCESSAMENTO INICIA IFXDATE
SQL> 
SQL> CREATE OR REPLACE FUNCTION ifxdate RETURN DATE IS
  2  	temp   DATE;
  3  BEGIN
  4  	SELECT TRUNC (NVL (to_date('20230622','yyyymmdd'), (SYSDATE - (1 / 3))))
  5    	into temp
  6      from dual;
  7     	RETURN (temp);
  8  EXCEPTION
  9  	WHEN OTHERS
 10    then
 11    return (TRUNC (SYSDATE - (1 / 3)));
 12  END;
 13  /

Función creada.

SQL> 
SQL> grant all on ifxdate to public;

Concesión terminada correctamente.

SQL> 
SQL> select ifxdate from dual;

IFXDATE                                                                         
--------------------                                                            
22-jun-2023 00:00:00                                                            

SQL> 
SQL> -- Limpa tabela de lock de registro
SQL> -- --------------------------------
SQL> TRUNCATE TABLE RCVRY.LOCKTABLE;

Tabla truncada.

SQL> 
SQL> quit
14/08/2023 16:40:56 Fim normal de processamento.
14/08/2023 16:40:56 ----------------------------
14/08/2023 16:40:56 
14/08/2023 16:40:56 
16/08/2023 16:07:46 
16/08/2023 16:07:46 
16/08/2023 16:07:46 -----------------------------
16/08/2023 16:07:46 --------IFXDATE_INICIA-------
16/08/2023 16:07:46 Configuracao das variaveis de ambiente usadas pelos sistemas CyberFinancial concluida.
16/08/2023 16:07:46 Referencia (DIA) : 22
16/08/2023 16:07:46 Referencia (MES) : 06
16/08/2023 16:07:46 Referencia (ANO) : 2023
16/08/2023 16:07:46 Referencia (DATA): 20230622
16/08/2023 16:07:46 USR_HOME         : /app/rcvry
16/08/2023 16:07:46 CCS_BIN          : 
16/08/2023 16:07:46 ORACLE_HOME      : /u01/app/oracle/product/client12.2
16/08/2023 16:07:46 ORACLE_SID       : CYB3DEV
16/08/2023 16:07:46 NLS_LANG         : SPANISH_MEXICO.WE8ISO8859P1
16/08/2023 16:07:46 NLS_DATE_FORMAT  : dd-mon-yyyy hh24:mi:ss
16/08/2023 16:07:46 INICIO DO PROCESSAMENTO INICIA IFXDATE
SQL> 
SQL> CREATE OR REPLACE FUNCTION ifxdate RETURN DATE IS
  2  	temp   DATE;
  3  BEGIN
  4  	SELECT TRUNC (NVL (to_date('20230622','yyyymmdd'), (SYSDATE - (1 / 3))))
  5    	into temp
  6      from dual;
  7     	RETURN (temp);
  8  EXCEPTION
  9  	WHEN OTHERS
 10    then
 11    return (TRUNC (SYSDATE - (1 / 3)));
 12  END;
 13  /

Función creada.

SQL> 
SQL> grant all on ifxdate to public;

Concesión terminada correctamente.

SQL> 
SQL> select ifxdate from dual;

IFXDATE                                                                         
--------------------                                                            
22-jun-2023 00:00:00                                                            

SQL> 
SQL> -- Limpa tabela de lock de registro
SQL> -- --------------------------------
SQL> TRUNCATE TABLE RCVRY.LOCKTABLE;

Tabla truncada.

SQL> 
SQL> quit
16/08/2023 16:07:46 Fim normal de processamento.
16/08/2023 16:07:46 ----------------------------
16/08/2023 16:07:46 
16/08/2023 16:07:46 
17/08/2023 19:03:12 
17/08/2023 19:03:12 
17/08/2023 19:03:12 -----------------------------
17/08/2023 19:03:12 --------IFXDATE_INICIA-------
17/08/2023 19:03:12 Configuracao das variaveis de ambiente usadas pelos sistemas CyberFinancial concluida.
17/08/2023 19:03:12 Referencia (DIA) : 22
17/08/2023 19:03:12 Referencia (MES) : 06
17/08/2023 19:03:12 Referencia (ANO) : 2023
17/08/2023 19:03:12 Referencia (DATA): 20230622
17/08/2023 19:03:12 USR_HOME         : /app/rcvry
17/08/2023 19:03:12 CCS_BIN          : 
17/08/2023 19:03:12 ORACLE_HOME      : /u01/app/oracle/product/client12.2
17/08/2023 19:03:12 ORACLE_SID       : CYB3DEV
17/08/2023 19:03:12 NLS_LANG         : SPANISH_MEXICO.WE8ISO8859P1
17/08/2023 19:03:12 NLS_DATE_FORMAT  : dd-mon-yyyy hh24:mi:ss
17/08/2023 19:03:12 INICIO DO PROCESSAMENTO INICIA IFXDATE
SQL> 
SQL> CREATE OR REPLACE FUNCTION ifxdate RETURN DATE IS
  2  	temp   DATE;
  3  BEGIN
  4  	SELECT TRUNC (NVL (to_date('20230622','yyyymmdd'), (SYSDATE - (1 / 3))))
  5    	into temp
  6      from dual;
  7     	RETURN (temp);
  8  EXCEPTION
  9  	WHEN OTHERS
 10    then
 11    return (TRUNC (SYSDATE - (1 / 3)));
 12  END;
 13  /

Función creada.

SQL> 
SQL> grant all on ifxdate to public;

Concesión terminada correctamente.

SQL> 
SQL> select ifxdate from dual;

IFXDATE                                                                         
--------------------                                                            
22-jun-2023 00:00:00                                                            

SQL> 
SQL> -- Limpa tabela de lock de registro
SQL> -- --------------------------------
SQL> TRUNCATE TABLE RCVRY.LOCKTABLE;

Tabla truncada.

SQL> 
SQL> quit
17/08/2023 19:03:13 Fim normal de processamento.
17/08/2023 19:03:13 ----------------------------
17/08/2023 19:03:13 
17/08/2023 19:03:13 
21/08/2023 20:55:21 
21/08/2023 20:55:21 
21/08/2023 20:55:21 -----------------------------
21/08/2023 20:55:21 --------IFXDATE_INICIA-------
21/08/2023 20:55:21 Configuracao das variaveis de ambiente usadas pelos sistemas CyberFinancial concluida.
21/08/2023 20:55:21 Referencia (DIA) : 22
21/08/2023 20:55:21 Referencia (MES) : 06
21/08/2023 20:55:21 Referencia (ANO) : 2023
21/08/2023 20:55:21 Referencia (DATA): 20230622
21/08/2023 20:55:21 USR_HOME         : /app/rcvry
21/08/2023 20:55:21 CCS_BIN          : 
21/08/2023 20:55:21 ORACLE_HOME      : /u01/app/oracle/product/client12.2
21/08/2023 20:55:21 ORACLE_SID       : CYB3DEV
21/08/2023 20:55:21 NLS_LANG         : SPANISH_MEXICO.WE8ISO8859P1
21/08/2023 20:55:21 NLS_DATE_FORMAT  : dd-mon-yyyy hh24:mi:ss
21/08/2023 20:55:21 INICIO DO PROCESSAMENTO INICIA IFXDATE
SQL> 
SQL> CREATE OR REPLACE FUNCTION ifxdate RETURN DATE IS
  2  	temp   DATE;
  3  BEGIN
  4  	SELECT TRUNC (NVL (to_date('20230622','yyyymmdd'), (SYSDATE - (1 / 3))))
  5    	into temp
  6      from dual;
  7     	RETURN (temp);
  8  EXCEPTION
  9  	WHEN OTHERS
 10    then
 11    return (TRUNC (SYSDATE - (1 / 3)));
 12  END;
 13  /

Función creada.

SQL> 
SQL> grant all on ifxdate to public;

Concesión terminada correctamente.

SQL> 
SQL> select ifxdate from dual;

IFXDATE                                                                         
--------------------                                                            
22-jun-2023 00:00:00                                                            

SQL> 
SQL> -- Limpa tabela de lock de registro
SQL> -- --------------------------------
SQL> TRUNCATE TABLE RCVRY.LOCKTABLE;

Tabla truncada.

SQL> 
SQL> quit
21/08/2023 20:55:21 Fim normal de processamento.
21/08/2023 20:55:21 ----------------------------
21/08/2023 20:55:21 
21/08/2023 20:55:21 
22/08/2023 00:40:29 
22/08/2023 00:40:29 
22/08/2023 00:40:29 -----------------------------
22/08/2023 00:40:29 --------IFXDATE_INICIA-------
22/08/2023 00:40:29 Configuracao das variaveis de ambiente usadas pelos sistemas CyberFinancial concluida.
22/08/2023 00:40:29 Referencia (DIA) : 22
22/08/2023 00:40:29 Referencia (MES) : 06
22/08/2023 00:40:29 Referencia (ANO) : 2023
22/08/2023 00:40:29 Referencia (DATA): 20230622
22/08/2023 00:40:29 USR_HOME         : /app/rcvry
22/08/2023 00:40:29 CCS_BIN          : 
22/08/2023 00:40:29 ORACLE_HOME      : /u01/app/oracle/product/client12.2
22/08/2023 00:40:29 ORACLE_SID       : CYB3DEV
22/08/2023 00:40:29 NLS_LANG         : SPANISH_MEXICO.WE8ISO8859P1
22/08/2023 00:40:29 NLS_DATE_FORMAT  : dd-mon-yyyy hh24:mi:ss
22/08/2023 00:40:29 INICIO DO PROCESSAMENTO INICIA IFXDATE
SQL> 
SQL> CREATE OR REPLACE FUNCTION ifxdate RETURN DATE IS
  2  	temp   DATE;
  3  BEGIN
  4  	SELECT TRUNC (NVL (to_date('20230622','yyyymmdd'), (SYSDATE - (1 / 3))))
  5    	into temp
  6      from dual;
  7     	RETURN (temp);
  8  EXCEPTION
  9  	WHEN OTHERS
 10    then
 11    return (TRUNC (SYSDATE - (1 / 3)));
 12  END;
 13  /

Función creada.

SQL> 
SQL> grant all on ifxdate to public;

Concesión terminada correctamente.

SQL> 
SQL> select ifxdate from dual;

IFXDATE                                                                         
--------------------                                                            
22-jun-2023 00:00:00                                                            

SQL> 
SQL> -- Limpa tabela de lock de registro
SQL> -- --------------------------------
SQL> TRUNCATE TABLE RCVRY.LOCKTABLE;

Tabla truncada.

SQL> 
SQL> quit
22/08/2023 00:40:29 Fim normal de processamento.
22/08/2023 00:40:29 ----------------------------
22/08/2023 00:40:29 
22/08/2023 00:40:29 
22/08/2023 00:49:09 
22/08/2023 00:49:09 
22/08/2023 00:49:09 -----------------------------
22/08/2023 00:49:09 --------IFXDATE_INICIA-------
22/08/2023 00:49:09 Configuracao das variaveis de ambiente usadas pelos sistemas CyberFinancial concluida.
22/08/2023 00:49:09 Referencia (DIA) : 22
22/08/2023 00:49:09 Referencia (MES) : 06
22/08/2023 00:49:09 Referencia (ANO) : 2023
22/08/2023 00:49:09 Referencia (DATA): 20230622
22/08/2023 00:49:09 USR_HOME         : /app/rcvry
22/08/2023 00:49:09 CCS_BIN          : 
22/08/2023 00:49:09 ORACLE_HOME      : /u01/app/oracle/product/client12.2
22/08/2023 00:49:09 ORACLE_SID       : CYB3DEV
22/08/2023 00:49:09 NLS_LANG         : SPANISH_MEXICO.WE8ISO8859P1
22/08/2023 00:49:09 NLS_DATE_FORMAT  : dd-mon-yyyy hh24:mi:ss
22/08/2023 00:49:09 INICIO DO PROCESSAMENTO INICIA IFXDATE
SQL> 
SQL> CREATE OR REPLACE FUNCTION ifxdate RETURN DATE IS
  2  	temp   DATE;
  3  BEGIN
  4  	SELECT TRUNC (NVL (to_date('20230622','yyyymmdd'), (SYSDATE - (1 / 3))))
  5    	into temp
  6      from dual;
  7     	RETURN (temp);
  8  EXCEPTION
  9  	WHEN OTHERS
 10    then
 11    return (TRUNC (SYSDATE - (1 / 3)));
 12  END;
 13  /

Función creada.

SQL> 
SQL> grant all on ifxdate to public;

Concesión terminada correctamente.

SQL> 
SQL> select ifxdate from dual;

IFXDATE                                                                         
--------------------                                                            
22-jun-2023 00:00:00                                                            

SQL> 
SQL> -- Limpa tabela de lock de registro
SQL> -- --------------------------------
SQL> TRUNCATE TABLE RCVRY.LOCKTABLE;

Tabla truncada.

SQL> 
SQL> quit
22/08/2023 00:49:09 Fim normal de processamento.
22/08/2023 00:49:09 ----------------------------
22/08/2023 00:49:09 
22/08/2023 00:49:09 
23/08/2023 19:12:55 
23/08/2023 19:12:55 
23/08/2023 19:12:55 -----------------------------
23/08/2023 19:12:55 --------IFXDATE_INICIA-------
23/08/2023 19:12:55 Configuracao das variaveis de ambiente usadas pelos sistemas CyberFinancial concluida.
23/08/2023 19:12:55 Referencia (DIA) : 22
23/08/2023 19:12:55 Referencia (MES) : 06
23/08/2023 19:12:55 Referencia (ANO) : 2023
23/08/2023 19:12:55 Referencia (DATA): 20230622
23/08/2023 19:12:55 USR_HOME         : /app/rcvry
23/08/2023 19:12:55 CCS_BIN          : 
23/08/2023 19:12:55 ORACLE_HOME      : /u01/app/oracle/product/client12.2
23/08/2023 19:12:55 ORACLE_SID       : CYB3DEV
23/08/2023 19:12:55 NLS_LANG         : SPANISH_MEXICO.WE8ISO8859P1
23/08/2023 19:12:55 NLS_DATE_FORMAT  : dd-mon-yyyy hh24:mi:ss
23/08/2023 19:12:55 INICIO DO PROCESSAMENTO INICIA IFXDATE
SQL> 
SQL> CREATE OR REPLACE FUNCTION ifxdate RETURN DATE IS
  2  	temp   DATE;
  3  BEGIN
  4  	SELECT TRUNC (NVL (to_date('20230622','yyyymmdd'), (SYSDATE - (1 / 3))))
  5    	into temp
  6      from dual;
  7     	RETURN (temp);
  8  EXCEPTION
  9  	WHEN OTHERS
 10    then
 11    return (TRUNC (SYSDATE - (1 / 3)));
 12  END;
 13  /

Función creada.

SQL> 
SQL> grant all on ifxdate to public;

Concesión terminada correctamente.

SQL> 
SQL> select ifxdate from dual;

IFXDATE                                                                         
--------------------                                                            
22-jun-2023 00:00:00                                                            

SQL> 
SQL> -- Limpa tabela de lock de registro
SQL> -- --------------------------------
SQL> TRUNCATE TABLE RCVRY.LOCKTABLE;

Tabla truncada.

SQL> 
SQL> quit
23/08/2023 19:12:57 Fim normal de processamento.
23/08/2023 19:12:57 ----------------------------
23/08/2023 19:12:57 
23/08/2023 19:12:57 
24/08/2023 18:31:52 
24/08/2023 18:31:52 
24/08/2023 18:31:52 -----------------------------
24/08/2023 18:31:52 --------IFXDATE_INICIA-------
24/08/2023 18:31:52 Configuracao das variaveis de ambiente usadas pelos sistemas CyberFinancial concluida.
24/08/2023 18:31:52 Referencia (DIA) : 22
24/08/2023 18:31:52 Referencia (MES) : 06
24/08/2023 18:31:52 Referencia (ANO) : 2023
24/08/2023 18:31:52 Referencia (DATA): 20230622
24/08/2023 18:31:52 USR_HOME         : /app/rcvry
24/08/2023 18:31:52 CCS_BIN          : 
24/08/2023 18:31:52 ORACLE_HOME      : /u01/app/oracle/product/client12.2
24/08/2023 18:31:52 ORACLE_SID       : CYB3DEV
24/08/2023 18:31:52 NLS_LANG         : SPANISH_MEXICO.WE8ISO8859P1
24/08/2023 18:31:52 NLS_DATE_FORMAT  : dd-mon-yyyy hh24:mi:ss
24/08/2023 18:31:52 INICIO DO PROCESSAMENTO INICIA IFXDATE
24/08/2023 18:31:52 ERRO (cy3_shell_ifxdate_inicia.ksh)
24/08/2023 18:31:52 Falha no procedimento SQL de inicializacao do ifxdate !
30/08/2023 15:17:29 
30/08/2023 15:17:29 
30/08/2023 15:17:29 -----------------------------
30/08/2023 15:17:29 --------IFXDATE_INICIA-------
30/08/2023 15:17:29 Configuracao das variaveis de ambiente usadas pelos sistemas CyberFinancial concluida.
30/08/2023 15:17:29 Referencia (DIA) : 22
30/08/2023 15:17:29 Referencia (MES) : 06
30/08/2023 15:17:29 Referencia (ANO) : 2023
30/08/2023 15:17:29 Referencia (DATA): 20230622
30/08/2023 15:17:29 USR_HOME         : /app/rcvry
30/08/2023 15:17:29 CCS_BIN          : 
30/08/2023 15:17:29 ORACLE_HOME      : /u01/app/oracle/product/client12.2
30/08/2023 15:17:29 ORACLE_SID       : CYB3DEV
30/08/2023 15:17:29 NLS_LANG         : SPANISH_MEXICO.WE8ISO8859P1
30/08/2023 15:17:29 NLS_DATE_FORMAT  : dd-mon-yyyy hh24:mi:ss
30/08/2023 15:17:29 INICIO DO PROCESSAMENTO INICIA IFXDATE
30/08/2023 15:17:29 ERRO (cy3_shell_ifxdate_inicia.ksh)
30/08/2023 15:17:29 Falha no procedimento SQL de inicializacao do ifxdate !
31/08/2023 16:24:31 
31/08/2023 16:24:31 
31/08/2023 16:24:31 -----------------------------
31/08/2023 16:24:31 --------IFXDATE_INICIA-------
31/08/2023 16:24:31 Configuracao das variaveis de ambiente usadas pelos sistemas CyberFinancial concluida.
31/08/2023 16:24:31 Referencia (DIA) : 22
31/08/2023 16:24:31 Referencia (MES) : 06
31/08/2023 16:24:31 Referencia (ANO) : 2023
31/08/2023 16:24:31 Referencia (DATA): 20230622
31/08/2023 16:24:31 USR_HOME         : /app/rcvry
31/08/2023 16:24:31 CCS_BIN          : 
31/08/2023 16:24:31 ORACLE_HOME      : /u01/app/oracle/product/client12.2
31/08/2023 16:24:31 ORACLE_SID       : CYB3DEV
31/08/2023 16:24:31 NLS_LANG         : SPANISH_MEXICO.WE8ISO8859P1
31/08/2023 16:24:31 NLS_DATE_FORMAT  : dd-mon-yyyy hh24:mi:ss
31/08/2023 16:24:31 INICIO DO PROCESSAMENTO INICIA IFXDATE
31/08/2023 16:24:31 ERRO (cy3_shell_ifxdate_inicia.ksh)
31/08/2023 16:24:31 Falha no procedimento SQL de inicializacao do ifxdate !
31/08/2023 16:28:29 
31/08/2023 16:28:29 
31/08/2023 16:28:29 -----------------------------
31/08/2023 16:28:29 --------IFXDATE_INICIA-------
31/08/2023 16:28:29 Configuracao das variaveis de ambiente usadas pelos sistemas CyberFinancial concluida.
31/08/2023 16:28:29 Referencia (DIA) : 22
31/08/2023 16:28:29 Referencia (MES) : 06
31/08/2023 16:28:29 Referencia (ANO) : 2023
31/08/2023 16:28:29 Referencia (DATA): 20230622
31/08/2023 16:28:29 USR_HOME         : /app/rcvry
31/08/2023 16:28:29 CCS_BIN          : 
31/08/2023 16:28:29 ORACLE_HOME      : /u01/app/oracle/product/client12.2
31/08/2023 16:28:29 ORACLE_SID       : CYB3DEV
31/08/2023 16:28:29 NLS_LANG         : SPANISH_MEXICO.WE8ISO8859P1
31/08/2023 16:28:29 NLS_DATE_FORMAT  : dd-mon-yyyy hh24:mi:ss
31/08/2023 16:28:29 INICIO DO PROCESSAMENTO INICIA IFXDATE
31/08/2023 16:28:30 ERRO (cy3_shell_ifxdate_inicia.ksh)
31/08/2023 16:28:30 Falha no procedimento SQL de inicializacao do ifxdate !
31/08/2023 16:31:29 
31/08/2023 16:31:29 
31/08/2023 16:31:29 -----------------------------
31/08/2023 16:31:29 --------IFXDATE_INICIA-------
31/08/2023 16:31:29 Configuracao das variaveis de ambiente usadas pelos sistemas CyberFinancial concluida.
31/08/2023 16:31:29 Referencia (DIA) : 22
31/08/2023 16:31:29 Referencia (MES) : 06
31/08/2023 16:31:29 Referencia (ANO) : 2023
31/08/2023 16:31:29 Referencia (DATA): 20230622
31/08/2023 16:31:29 USR_HOME         : /app/rcvry
31/08/2023 16:31:29 CCS_BIN          : 
31/08/2023 16:31:29 ORACLE_HOME      : /u01/app/oracle/product/client12.2
31/08/2023 16:31:29 ORACLE_SID       : CYB3DEV
31/08/2023 16:31:29 NLS_LANG         : SPANISH_MEXICO.WE8ISO8859P1
31/08/2023 16:31:29 NLS_DATE_FORMAT  : dd-mon-yyyy hh24:mi:ss
31/08/2023 16:31:29 INICIO DO PROCESSAMENTO INICIA IFXDATE
31/08/2023 16:31:29 ERRO (cy3_shell_ifxdate_inicia.ksh)
31/08/2023 16:31:29 Falha no procedimento SQL de inicializacao do ifxdate !
31/08/2023 16:42:25 
31/08/2023 16:42:25 
31/08/2023 16:42:25 -----------------------------
31/08/2023 16:42:25 --------IFXDATE_INICIA-------
31/08/2023 16:42:25 Configuracao das variaveis de ambiente usadas pelos sistemas CyberFinancial concluida.
31/08/2023 16:42:25 Referencia (DIA) : 22
31/08/2023 16:42:25 Referencia (MES) : 06
31/08/2023 16:42:25 Referencia (ANO) : 2023
31/08/2023 16:42:25 Referencia (DATA): 20230622
31/08/2023 16:42:25 USR_HOME         : /app/rcvry
31/08/2023 16:42:25 CCS_BIN          : 
31/08/2023 16:42:25 ORACLE_HOME      : /u01/app/oracle/product/client12.2
31/08/2023 16:42:25 ORACLE_SID       : CYB3DEV
31/08/2023 16:42:25 NLS_LANG         : SPANISH_MEXICO.WE8ISO8859P1
31/08/2023 16:42:25 NLS_DATE_FORMAT  : dd-mon-yyyy hh24:mi:ss
31/08/2023 16:42:25 INICIO DO PROCESSAMENTO INICIA IFXDATE
31/08/2023 16:42:25 ERRO (cy3_shell_ifxdate_inicia.ksh)
31/08/2023 16:42:25 Falha no procedimento SQL de inicializacao do ifxdate !
31/08/2023 17:05:13 
31/08/2023 17:05:13 
31/08/2023 17:05:13 -----------------------------
31/08/2023 17:05:13 --------IFXDATE_INICIA-------
31/08/2023 17:05:13 Configuracao das variaveis de ambiente usadas pelos sistemas CyberFinancial concluida.
31/08/2023 17:05:13 Referencia (DIA) : 22
31/08/2023 17:05:13 Referencia (MES) : 06
31/08/2023 17:05:13 Referencia (ANO) : 2023
31/08/2023 17:05:13 Referencia (DATA): 20230622
31/08/2023 17:05:13 USR_HOME         : /app/rcvry
31/08/2023 17:05:13 CCS_BIN          : 
31/08/2023 17:05:13 ORACLE_HOME      : /u01/app/oracle/product/client12.2
31/08/2023 17:05:13 ORACLE_SID       : CYB3DEV
31/08/2023 17:05:13 NLS_LANG         : SPANISH_MEXICO.WE8ISO8859P1
31/08/2023 17:05:13 NLS_DATE_FORMAT  : dd-mon-yyyy hh24:mi:ss
31/08/2023 17:05:13 INICIO DO PROCESSAMENTO INICIA IFXDATE
31/08/2023 17:05:16 ERRO (cy3_shell_ifxdate_inicia.ksh)
31/08/2023 17:05:16 Falha no procedimento SQL de inicializacao do ifxdate !
31/08/2023 17:06:17 
31/08/2023 17:06:17 
31/08/2023 17:06:17 -----------------------------
31/08/2023 17:06:17 --------IFXDATE_INICIA-------
31/08/2023 17:06:17 Configuracao das variaveis de ambiente usadas pelos sistemas CyberFinancial concluida.
31/08/2023 17:06:17 Referencia (DIA) : 22
31/08/2023 17:06:17 Referencia (MES) : 06
31/08/2023 17:06:17 Referencia (ANO) : 2023
31/08/2023 17:06:17 Referencia (DATA): 20230622
31/08/2023 17:06:17 USR_HOME         : /app/rcvry
31/08/2023 17:06:17 CCS_BIN          : 
31/08/2023 17:06:17 ORACLE_HOME      : /u01/app/oracle/product/client12.2
31/08/2023 17:06:17 ORACLE_SID       : CYB3DEV
31/08/2023 17:06:17 NLS_LANG         : SPANISH_MEXICO.WE8ISO8859P1
31/08/2023 17:06:17 NLS_DATE_FORMAT  : dd-mon-yyyy hh24:mi:ss
31/08/2023 17:06:17 INICIO DO PROCESSAMENTO INICIA IFXDATE
31/08/2023 17:06:18 ERRO (cy3_shell_ifxdate_inicia.ksh)
31/08/2023 17:06:18 Falha no procedimento SQL de inicializacao do ifxdate !
31/08/2023 17:20:48 
31/08/2023 17:20:48 
31/08/2023 17:20:48 -----------------------------
31/08/2023 17:20:48 --------IFXDATE_INICIA-------
31/08/2023 17:20:48 Configuracao das variaveis de ambiente usadas pelos sistemas CyberFinancial concluida.
31/08/2023 17:20:48 Referencia (DIA) : 22
31/08/2023 17:20:48 Referencia (MES) : 06
31/08/2023 17:20:48 Referencia (ANO) : 2023
31/08/2023 17:20:48 Referencia (DATA): 20230622
31/08/2023 17:20:48 USR_HOME         : /app/rcvry
31/08/2023 17:20:48 CCS_BIN          : 
31/08/2023 17:20:48 ORACLE_HOME      : /u01/app/oracle/product/client12.2
31/08/2023 17:20:48 ORACLE_SID       : CYB3DEV
31/08/2023 17:20:48 NLS_LANG         : SPANISH_MEXICO.WE8ISO8859P1
31/08/2023 17:20:48 NLS_DATE_FORMAT  : dd-mon-yyyy hh24:mi:ss
31/08/2023 17:20:48 INICIO DO PROCESSAMENTO INICIA IFXDATE
31/08/2023 17:20:48 ERRO (cy3_shell_ifxdate_inicia.ksh)
31/08/2023 17:20:48 Falha no procedimento SQL de inicializacao do ifxdate !
31/08/2023 17:30:58 
31/08/2023 17:30:58 
31/08/2023 17:30:58 -----------------------------
31/08/2023 17:30:58 --------IFXDATE_INICIA-------
31/08/2023 17:30:58 Configuracao das variaveis de ambiente usadas pelos sistemas CyberFinancial concluida.
31/08/2023 17:30:58 Referencia (DIA) : 22
31/08/2023 17:30:58 Referencia (MES) : 06
31/08/2023 17:30:58 Referencia (ANO) : 2023
31/08/2023 17:30:58 Referencia (DATA): 20230622
31/08/2023 17:30:58 USR_HOME         : /app/rcvry
31/08/2023 17:30:58 CCS_BIN          : 
31/08/2023 17:30:58 ORACLE_HOME      : /u01/app/oracle/product/client12.2
31/08/2023 17:30:58 ORACLE_SID       : CYB3DEV
31/08/2023 17:30:58 NLS_LANG         : SPANISH_MEXICO.WE8ISO8859P1
31/08/2023 17:30:58 NLS_DATE_FORMAT  : dd-mon-yyyy hh24:mi:ss
31/08/2023 17:30:58 INICIO DO PROCESSAMENTO INICIA IFXDATE
31/08/2023 17:30:58 ERRO (cy3_shell_ifxdate_inicia.ksh)
31/08/2023 17:30:58 Falha no procedimento SQL de inicializacao do ifxdate !
31/08/2023 17:40:01 
31/08/2023 17:40:01 
31/08/2023 17:40:01 -----------------------------
31/08/2023 17:40:01 --------IFXDATE_INICIA-------
31/08/2023 17:40:01 Configuracao das variaveis de ambiente usadas pelos sistemas CyberFinancial concluida.
31/08/2023 17:40:01 Referencia (DIA) : 22
31/08/2023 17:40:01 Referencia (MES) : 06
31/08/2023 17:40:01 Referencia (ANO) : 2023
31/08/2023 17:40:01 Referencia (DATA): 20230622
31/08/2023 17:40:01 USR_HOME         : /app/rcvry
31/08/2023 17:40:01 CCS_BIN          : 
31/08/2023 17:40:01 ORACLE_HOME      : /u01/app/oracle/product/client12.2
31/08/2023 17:40:01 ORACLE_SID       : CYB3DEV
31/08/2023 17:40:01 NLS_LANG         : SPANISH_MEXICO.WE8ISO8859P1
31/08/2023 17:40:01 NLS_DATE_FORMAT  : dd-mon-yyyy hh24:mi:ss
31/08/2023 17:40:01 INICIO DO PROCESSAMENTO INICIA IFXDATE
31/08/2023 17:40:01 ERRO (cy3_shell_ifxdate_inicia.ksh)
31/08/2023 17:40:01 Falha no procedimento SQL de inicializacao do ifxdate !
31/08/2023 17:42:46 
31/08/2023 17:42:46 
31/08/2023 17:42:46 -----------------------------
31/08/2023 17:42:46 --------IFXDATE_INICIA-------
31/08/2023 17:42:46 Configuracao das variaveis de ambiente usadas pelos sistemas CyberFinancial concluida.
31/08/2023 17:42:46 Referencia (DIA) : 22
31/08/2023 17:42:46 Referencia (MES) : 06
31/08/2023 17:42:46 Referencia (ANO) : 2023
31/08/2023 17:42:46 Referencia (DATA): 20230622
31/08/2023 17:42:46 USR_HOME         : /app/rcvry
31/08/2023 17:42:46 CCS_BIN          : 
31/08/2023 17:42:46 ORACLE_HOME      : /u01/app/oracle/product/client12.2
31/08/2023 17:42:46 ORACLE_SID       : CYB3DEV
31/08/2023 17:42:46 NLS_LANG         : SPANISH_MEXICO.WE8ISO8859P1
31/08/2023 17:42:46 NLS_DATE_FORMAT  : dd-mon-yyyy hh24:mi:ss
31/08/2023 17:42:46 INICIO DO PROCESSAMENTO INICIA IFXDATE
31/08/2023 17:42:46 ERRO (cy3_shell_ifxdate_inicia.ksh)
31/08/2023 17:42:46 Falha no procedimento SQL de inicializacao do ifxdate !
31/08/2023 17:45:41 
31/08/2023 17:45:41 
31/08/2023 17:45:41 -----------------------------
31/08/2023 17:45:41 --------IFXDATE_INICIA-------
31/08/2023 17:45:41 Configuracao das variaveis de ambiente usadas pelos sistemas CyberFinancial concluida.
31/08/2023 17:45:41 Referencia (DIA) : 22
31/08/2023 17:45:41 Referencia (MES) : 06
31/08/2023 17:45:41 Referencia (ANO) : 2023
31/08/2023 17:45:41 Referencia (DATA): 20230622
31/08/2023 17:45:41 USR_HOME         : /app/rcvry
31/08/2023 17:45:41 CCS_BIN          : 
31/08/2023 17:45:41 ORACLE_HOME      : /u01/app/oracle/product/client12.2
31/08/2023 17:45:41 ORACLE_SID       : CYB3DEV
31/08/2023 17:45:41 NLS_LANG         : SPANISH_MEXICO.WE8ISO8859P1
31/08/2023 17:45:41 NLS_DATE_FORMAT  : dd-mon-yyyy hh24:mi:ss
31/08/2023 17:45:41 INICIO DO PROCESSAMENTO INICIA IFXDATE
31/08/2023 17:45:41 ERRO (cy3_shell_ifxdate_inicia.ksh)
31/08/2023 17:45:41 Falha no procedimento SQL de inicializacao do ifxdate !
31/08/2023 17:57:54 
31/08/2023 17:57:54 
31/08/2023 17:57:54 -----------------------------
31/08/2023 17:57:54 --------IFXDATE_INICIA-------
31/08/2023 17:57:54 Configuracao das variaveis de ambiente usadas pelos sistemas CyberFinancial concluida.
31/08/2023 17:57:54 Referencia (DIA) : 22
31/08/2023 17:57:54 Referencia (MES) : 06
31/08/2023 17:57:54 Referencia (ANO) : 2023
31/08/2023 17:57:54 Referencia (DATA): 20230622
31/08/2023 17:57:54 USR_HOME         : /app/rcvry
31/08/2023 17:57:54 CCS_BIN          : 
31/08/2023 17:57:54 ORACLE_HOME      : /u01/app/oracle/product/client12.2
31/08/2023 17:57:54 ORACLE_SID       : CYB3DEV
31/08/2023 17:57:54 NLS_LANG         : SPANISH_MEXICO.WE8ISO8859P1
31/08/2023 17:57:54 NLS_DATE_FORMAT  : dd-mon-yyyy hh24:mi:ss
31/08/2023 17:57:54 INICIO DO PROCESSAMENTO INICIA IFXDATE
31/08/2023 17:57:54 ERRO (cy3_shell_ifxdate_inicia.ksh)
31/08/2023 17:57:54 Falha no procedimento SQL de inicializacao do ifxdate !
31/08/2023 18:01:49 
31/08/2023 18:01:49 
31/08/2023 18:01:49 -----------------------------
31/08/2023 18:01:49 --------IFXDATE_INICIA-------
31/08/2023 18:01:49 Configuracao das variaveis de ambiente usadas pelos sistemas CyberFinancial concluida.
31/08/2023 18:01:49 Referencia (DIA) : 22
31/08/2023 18:01:49 Referencia (MES) : 06
31/08/2023 18:01:49 Referencia (ANO) : 2023
31/08/2023 18:01:49 Referencia (DATA): 20230622
31/08/2023 18:01:49 USR_HOME         : /app/rcvry
31/08/2023 18:01:49 CCS_BIN          : 
31/08/2023 18:01:49 ORACLE_HOME      : /u01/app/oracle/product/client12.2
31/08/2023 18:01:49 ORACLE_SID       : CYB3DEV
31/08/2023 18:01:49 NLS_LANG         : SPANISH_MEXICO.WE8ISO8859P1
31/08/2023 18:01:49 NLS_DATE_FORMAT  : dd-mon-yyyy hh24:mi:ss
31/08/2023 18:01:49 INICIO DO PROCESSAMENTO INICIA IFXDATE
31/08/2023 18:01:49 ERRO (cy3_shell_ifxdate_inicia.ksh)
31/08/2023 18:01:49 Falha no procedimento SQL de inicializacao do ifxdate !
31/08/2023 18:09:46 
31/08/2023 18:09:46 
31/08/2023 18:09:46 -----------------------------
31/08/2023 18:09:46 --------IFXDATE_INICIA-------
31/08/2023 18:09:46 Configuracao das variaveis de ambiente usadas pelos sistemas CyberFinancial concluida.
31/08/2023 18:09:46 Referencia (DIA) : 22
31/08/2023 18:09:46 Referencia (MES) : 06
31/08/2023 18:09:46 Referencia (ANO) : 2023
31/08/2023 18:09:46 Referencia (DATA): 20230622
31/08/2023 18:09:46 USR_HOME         : /app/rcvry
31/08/2023 18:09:46 CCS_BIN          : 
31/08/2023 18:09:46 ORACLE_HOME      : /u01/app/oracle/product/client12.2
31/08/2023 18:09:46 ORACLE_SID       : CYB3DEV
31/08/2023 18:09:46 NLS_LANG         : SPANISH_MEXICO.WE8ISO8859P1
31/08/2023 18:09:46 NLS_DATE_FORMAT  : dd-mon-yyyy hh24:mi:ss
31/08/2023 18:09:46 INICIO DO PROCESSAMENTO INICIA IFXDATE
31/08/2023 18:09:46 ERRO (cy3_shell_ifxdate_inicia.ksh)
31/08/2023 18:09:46 Falha no procedimento SQL de inicializacao do ifxdate !
31/08/2023 18:34:01 
31/08/2023 18:34:01 
31/08/2023 18:34:01 -----------------------------
31/08/2023 18:34:01 --------IFXDATE_INICIA-------
31/08/2023 18:34:01 Configuracao das variaveis de ambiente usadas pelos sistemas CyberFinancial concluida.
31/08/2023 18:34:01 Referencia (DIA) : 22
31/08/2023 18:34:01 Referencia (MES) : 06
31/08/2023 18:34:01 Referencia (ANO) : 2023
31/08/2023 18:34:01 Referencia (DATA): 20230622
31/08/2023 18:34:01 USR_HOME         : /app/rcvry
31/08/2023 18:34:01 CCS_BIN          : 
31/08/2023 18:34:01 ORACLE_HOME      : /u01/app/oracle/product/client12.2
31/08/2023 18:34:01 ORACLE_SID       : CYB3DEV
31/08/2023 18:34:01 NLS_LANG         : SPANISH_MEXICO.WE8ISO8859P1
31/08/2023 18:34:01 NLS_DATE_FORMAT  : dd-mon-yyyy hh24:mi:ss
31/08/2023 18:34:01 INICIO DO PROCESSAMENTO INICIA IFXDATE
31/08/2023 18:34:02 ERRO (cy3_shell_ifxdate_inicia.ksh)
31/08/2023 18:34:02 Falha no procedimento SQL de inicializacao do ifxdate !
